<?xml version="1.0" encoding="UTF-8"?>
<!-- Generated by org.testng.reporters.JUnitReportReporter -->
<testsuite skipped="0" hostname="xyz-PC" name="com.api.testCases" tests="2" failures="0" timestamp="01 Feb 2021 04:04:05 GMT" time="9.572" errors="0">
  <testcase name="testGetUsers" time="1.476" classname="com.api.testCases"/>
  <testcase name="addnewUser" time="8.096" classname="com.api.testCases"/>
</testsuite> <!-- com.api.testCases -->
