<?xml version="1.0" encoding="UTF-8"?>
<!-- Generated by org.testng.reporters.JUnitReportReporter -->
<testsuite skipped="0" hostname="xyz-PC" name="com.api.testCases" tests="4" failures="0" timestamp="08 Feb 2021 05:58:01 GMT" time="8.023" errors="0">
  <testcase name="testGetUsers" time="5.044" classname="com.api.testCases"/>
  <testcase name="addnewUser" time="1.322" classname="com.api.testCases"/>
  <testcase name="getUser" time="0.786" classname="com.api.testCases"/>
  <testcase name="testDelete" time="0.871" classname="com.api.testCases"/>
</testsuite> <!-- com.api.testCases -->
