<?xml version="1.0" encoding="UTF-8"?>
<!-- Generated by org.testng.reporters.JUnitReportReporter -->
<testsuite skipped="0" hostname="xyz-PC" name="com.api.testCases" tests="2" failures="0" timestamp="01 Feb 2021 05:04:11 GMT" time="11.039" errors="0">
  <testcase name="addnewUser" time="9.560" classname="com.api.testCases"/>
  <testcase name="testGetUsers" time="1.479" classname="com.api.testCases"/>
</testsuite> <!-- com.api.testCases -->
