<?xml version="1.0" encoding="UTF-8"?>
<!-- Generated by org.testng.reporters.JUnitReportReporter -->
<testsuite skipped="0" hostname="xyz-PC" name="com.api.testCases" tests="4" failures="0" timestamp="01 Feb 2021 08:50:39 GMT" time="8.068" errors="0">
  <testcase name="testGetUsers" time="5.476" classname="com.api.testCases"/>
  <testcase name="addnewUser" time="1.363" classname="com.api.testCases"/>
  <testcase name="getUser" time="0.444" classname="com.api.testCases"/>
  <testcase name="testDelete" time="0.785" classname="com.api.testCases"/>
</testsuite> <!-- com.api.testCases -->
