<?xml version="1.0" encoding="UTF-8"?>
<!-- Generated by org.testng.reporters.JUnitReportReporter -->
<testsuite skipped="0" hostname="xyz-PC" name="com.api.testCases" tests="4" failures="0" timestamp="08 Feb 2021 12:58:12 GMT" time="7.839" errors="0">
  <testcase name="testGetUsers" time="5.225" classname="com.api.testCases"/>
  <testcase name="addnewUser" time="1.323" classname="com.api.testCases"/>
  <testcase name="getUser" time="0.685" classname="com.api.testCases"/>
  <testcase name="testDelete" time="0.606" classname="com.api.testCases"/>
</testsuite> <!-- com.api.testCases -->
